<?xml version="1.0" encoding="UTF-8"?>
<testsuite xmlns:xsi="http://www.w3.org/2001/XMLSchema-instance" xsi:noNamespaceSchemaLocation="https://maven.apache.org/surefire/maven-surefire-plugin/xsd/surefire-test-report-3.0.xsd" version="3.0" name="com.dreamdevs.election.service.ResultsServiceTest" time="0.056" tests="16" errors="0" skipped="0" failures="0">
  <properties>
[...]
</properties>
  <testcase name="getClassMvp_whenNoVotesExist_throwsElectionException" classname="com.dreamdevs.election.service.ResultsServiceTest" time="0.001"/>
  <testcase name="getResults_afterReveal_returnsFullBreakdown" classname="com.dreamdevs.election.service.ResultsServiceTest" time="0.005"/>
  <testcase name="getClassMvp_returnsPersonWithMostTotalVotes" classname="com.dreamdevs.election.service.ResultsServiceTest" time="0.003"/>
  <testcase name="declareWinner_withClearLeader_returnsWinner" classname="com.dreamdevs.election.service.ResultsServiceTest" time="0.003"/>
  <testcase name="getUnderdogs_returnsNomineesWithExactlyOneVote" classname="com.dreamdevs.election.service.ResultsServiceTest" time="0.001"/>
  <testcase name="getStats_returnsPercentageBreakdown" classname="com.dreamdevs.election.service.ResultsServiceTest" time="0.005"/>
  <testcase name="getSweep_whenNobodyWinsMultiple_returnsEmptyMap" classname="com.dreamdevs.election.service.ResultsServiceTest" time="0.004"/>
  <testcase name="getResults_forUnrevealedAward_returnsHiddenResults" classname="com.dreamdevs.election.service.ResultsServiceTest" time="0.001"/>
  <testcase name="getResults_anonymousAward_hidesVoterIdentity" classname="com.dreamdevs.election.service.ResultsServiceTest" time="0.001"/>
  <testcase name="getSweep_returnsNomineeWinningMultipleAwards" classname="com.dreamdevs.election.service.ResultsServiceTest" time="0.004"/>
  <testcase name="getMostNominated_returnsPersonNominatedInMostAwards" classname="com.dreamdevs.election.service.ResultsServiceTest" time="0.002"/>
  <testcase name="getStats_onUnrevealedAward_throwsElectionException" classname="com.dreamdevs.election.service.ResultsServiceTest" time="0.001"/>
  <testcase name="getUnderdogs_whenNoOneHasExactlyOneVote_returnsEmptyForThatAward" classname="com.dreamdevs.election.service.ResultsServiceTest" time="0.001"/>
  <testcase name="declareWinner_whenNoVotesCast_throwsElectionException" classname="com.dreamdevs.election.service.ResultsServiceTest" time="0.001"/>
  <testcase name="declareWinner_onTie_returnsTieWithTiedNames" classname="com.dreamdevs.election.service.ResultsServiceTest" time="0.001"/>
  <testcase name="declareWinner_onUnrevealedAward_throwsElectionException" classname="com.dreamdevs.election.service.ResultsServiceTest" time="0.001"/>
</testsuite>